[ [36m2022-12-06 23:07:37:737[39m ]  [35mPOST / 404 140 - 2.443 ms[39m
[35m[39m
[ [36m2022-12-06 23:07:42:742[39m ]  [35mGET / 200 37 - 1.775 ms[39m
[35m[39m
[ [36m2022-12-06 23:08:25:825[39m ]  [31mName : Unable to create Password Error | Descriptiion : data and salt arguments required | Status Code : 500 | IsOperational : true[39m
[ [36m2022-12-06 23:08:25:825[39m ]  [35mPOST /api/customer/ 500 92 - 11.424 ms[39m
[35m[39m
[ [36m2022-12-06 23:09:07:97[39m ]  [35mPOST /api/customer/ 200 545 - 87.375 ms[39m
[35m[39m
[ [36m2022-12-06 23:09:43:943[39m ]  [35mPOST /api/customer/login 200 727 - 63.535 ms[39m
[35m[39m
[ [36m2022-12-06 23:11:26:1126[39m ]  [35mPOST /plan 404 144 - 2.335 ms[39m
[35m[39m
[ [36m2022-12-06 23:11:38:1138[39m ]  [35mPOST /api/plan   -  ms[39m
[35m[39m
[ [36m2022-12-06 23:15:22:1522[39m ]  [35mPOST /api/plan 200 2 - 1.996 ms[39m
[35m[39m
[ [36m2022-12-06 23:15:43:1543[39m ]  [35mPOST /api/plan 200 2 - 2.513 ms[39m
[35m[39m
[ [36m2022-12-06 23:16:07:167[39m ]  [35mPOST /api/plan 200 2 - 11.063 ms[39m
[35m[39m
[ [36m2022-12-07 00:15:51:1551[39m ]  [35mPOST /api/plan 200 2 - 7.046 ms[39m
[35m[39m
[ [36m2022-12-07 00:18:15:1815[39m ]  [35mPOST /api/plan 200 2 - 13.211 ms[39m
[35m[39m
[ [36m2022-12-07 00:18:39:1839[39m ]  [35mPOST /api/plan 200 2 - 11.954 ms[39m
[35m[39m
[ [36m2022-12-07 00:19:35:1935[39m ]  [35mPOST /api/plan 200 2 - 11.227 ms[39m
[35m[39m
[ [36m2022-12-07 00:20:58:2058[39m ]  [35mPOST /api/plan 200 2 - 12.339 ms[39m
[35m[39m
[ [36m2022-12-07 00:21:48:2148[39m ]  [35mPOST /api/plan 200 2 - 14.543 ms[39m
[35m[39m
[ [36m2022-12-07 00:22:23:2223[39m ]  [35mPOST /api/plan 200 2 - 12.022 ms[39m
[35m[39m
[ [36m2022-12-07 00:24:57:2457[39m ]  [35mPOST /api/plan 200 2 - 11.658 ms[39m
[35m[39m
[ [36m2022-12-07 00:27:18:2718[39m ]  [35mPOST /api/plan 200 2 - 14.197 ms[39m
[35m[39m
[ [36m2022-12-07 00:32:01:321[39m ]  [35mPOST /api/plan 200 2 - 11.715 ms[39m
[35m[39m
[ [36m2022-12-07 00:32:23:3223[39m ]  [35mPOST /api/plan 200 2 - 12.053 ms[39m
[35m[39m
[ [36m2022-12-07 00:51:59:5159[39m ]  [35mPOST /api/plan 200 2 - 6.856 ms[39m
[35m[39m
[ [36m2022-12-07 00:55:48:5548[39m ]  [35mPOST /api/plan 200 141 - 341.205 ms[39m
[35m[39m
[ [36m2022-12-07 00:56:00:560[39m ]  [31mName : Internal Server Error | Descriptiion : Internal Server Error | Status Code : 500 | IsOperational : true[39m
[ [36m2022-12-07 00:56:00:560[39m ]  [35mPOST /api/plan 500 71 - 25.105 ms[39m
[35m[39m
[ [36m2022-12-07 00:56:58:5658[39m ]  [31mName : Internal Server Error | Descriptiion : Internal Server Error | Status Code : 500 | IsOperational : true[39m
[ [36m2022-12-07 00:56:58:5658[39m ]  [35mPOST /api/plan 500 71 - 44.071 ms[39m
[35m[39m
[ [36m2022-12-07 00:57:48:5748[39m ]  [31mName : Internal Server Error | Descriptiion : Internal Server Error | Status Code : 500 | IsOperational : true[39m
[ [36m2022-12-07 00:57:48:5748[39m ]  [35mPOST /api/plan 500 71 - 50.255 ms[39m
[35m[39m
[ [36m2022-12-07 00:58:20:5820[39m ]  [31mName : Internal Server Error | Descriptiion : Internal Server Error | Status Code : 500 | IsOperational : true[39m
[ [36m2022-12-07 00:58:20:5820[39m ]  [35mPOST /api/plan 500 71 - 38.518 ms[39m
[35m[39m
[ [36m2022-12-07 00:59:20:5920[39m ]  [31mName : Internal Server Error | Descriptiion : Internal Server Error | Status Code : 500 | IsOperational : true[39m
[ [36m2022-12-07 00:59:20:5920[39m ]  [35mPOST /api/plan 500 71 - 37.901 ms[39m
[35m[39m
[ [36m2022-12-07 00:59:59:5959[39m ]  [31mName : Internal Server Error | Descriptiion : Internal Server Error | Status Code : 500 | IsOperational : true[39m
[ [36m2022-12-07 00:59:59:5959[39m ]  [35mPOST /api/plan 500 71 - 38.976 ms[39m
[35m[39m
[ [36m2022-12-07 01:03:07:37[39m ]  [31mName : Internal Server Error | Descriptiion : Internal Server Error | Status Code : 500 | IsOperational : true[39m
[ [36m2022-12-07 01:03:07:37[39m ]  [35mPOST /api/plan 500 71 - 16.730 ms[39m
[35m[39m
[ [36m2022-12-07 01:03:55:355[39m ]  [31mName : Another machine running with same name | Descriptiion : Internal Server Error | Status Code : 500 | IsOperational : true[39m
[ [36m2022-12-07 01:03:55:355[39m ]  [35mPOST /api/plan 500 88 - 16.245 ms[39m
[35m[39m
[ [36m2022-12-07 01:04:11:411[39m ]  [35mPOST /api/plan 200 114 - 340.247 ms[39m
[35m[39m
[ [36m2022-12-07 14:25:56:2556[39m ]  [35mPOST /api/customer/ 200 545 - 121.026 ms[39m
[35m[39m
[ [36m2022-12-07 14:26:01:261[39m ]  [35mPOST /api/customer/login 200 727 - 62.170 ms[39m
[35m[39m
[ [36m2022-12-07 14:26:31:2631[39m ]  [35mPOST /api/plan 200 114 - 406.301 ms[39m
[35m[39m
[ [36m2022-12-07 14:26:49:2649[39m ]  [35mPOST /api/plan 200 114 - 331.683 ms[39m
[35m[39m
[ [36m2022-12-07 14:27:27:2727[39m ]  [31mName : Internal Server Error | Descriptiion : Internal Server Error | Status Code : 500 | IsOperational : true[39m
[ [36m2022-12-07 14:27:27:2727[39m ]  [35mPOST /api/plan 500 71 - 5.892 ms[39m
[35m[39m
[ [36m2022-12-07 14:30:22:3022[39m ]  [31mName : Internal Server Error | Descriptiion : Internal Server Error | Status Code : 500 | IsOperational : true[39m
[ [36m2022-12-07 14:30:22:3022[39m ]  [35mPOST /api/plan 500 71 - 21.164 ms[39m
[35m[39m
[ [36m2022-12-07 14:31:38:3138[39m ]  [31mName : Internal Server Error | Descriptiion : Internal Server Error | Status Code : 500 | IsOperational : true[39m
[ [36m2022-12-07 14:31:38:3138[39m ]  [35mPOST /api/plan 500 71 - 16.771 ms[39m
[35m[39m
[ [36m2022-12-07 14:31:59:3159[39m ]  [31mName : Internal Server Error | Descriptiion : Internal Server Error | Status Code : 500 | IsOperational : true[39m
[ [36m2022-12-07 14:31:59:3159[39m ]  [35mPOST /api/plan 500 71 - 23.396 ms[39m
[35m[39m
[ [36m2022-12-07 14:32:31:3231[39m ]  [31mName : Internal Server Error | Descriptiion : Internal Server Error | Status Code : 500 | IsOperational : true[39m
[ [36m2022-12-07 14:32:31:3231[39m ]  [35mPOST /api/plan 500 71 - 191.216 ms[39m
[35m[39m
[ [36m2022-12-07 14:33:17:3317[39m ]  [31mName : Internal Server Error | Descriptiion : Internal Server Error | Status Code : 500 | IsOperational : true[39m
[ [36m2022-12-07 14:33:17:3317[39m ]  [35mPOST /api/plan 500 71 - 184.277 ms[39m
[35m[39m
[ [36m2022-12-07 14:33:54:3354[39m ]  [31mName : Internal Server Error | Descriptiion : Internal Server Error | Status Code : 500 | IsOperational : true[39m
[ [36m2022-12-07 14:33:54:3354[39m ]  [35mPOST /api/plan 500 71 - 216.809 ms[39m
[35m[39m
[ [36m2022-12-07 14:35:56:3556[39m ]  [31mName : Internal Server Error | Descriptiion : Internal Server Error | Status Code : 500 | IsOperational : true[39m
[ [36m2022-12-07 14:35:56:3556[39m ]  [35mPOST /api/plan 500 71 - 208.515 ms[39m
[35m[39m
[ [36m2022-12-07 14:36:34:3634[39m ]  [35mPOST /api/plan 200 115 - 403.797 ms[39m
[35m[39m
[ [36m2022-12-07 14:36:39:3639[39m ]  [31mName : found is not defined | Descriptiion : Internal Server Error | Status Code : 500 | IsOperational : true[39m
[ [36m2022-12-07 14:36:39:3639[39m ]  [35mPOST /api/plan 500 70 - 6.119 ms[39m
[35m[39m
[ [36m2022-12-07 14:37:28:3728[39m ]  [35mPOST /api/plan 200 114 - 397.184 ms[39m
[35m[39m
[ [36m2022-12-07 14:37:35:3735[39m ]  [35mPOST /api/plan 200 115 - 350.980 ms[39m
[35m[39m
[ [36m2022-12-07 14:41:47:4147[39m ]  [35mPOST /api/customer/login 200 930 - 79.299 ms[39m
[35m[39m
[ [36m2022-12-07 14:41:56:4156[39m ]  [35mPOST /api/plan 200 114 - 365.253 ms[39m
[35m[39m
[ [36m2022-12-07 14:43:28:4328[39m ]  [35mPOST /api/plan 200 115 - 373.036 ms[39m
[35m[39m
[ [36m2022-12-07 14:45:54:4554[39m ]  [35mPOST /user/register 404 153 - 1.147 ms[39m
[35m[39m
[ [36m2022-12-07 14:46:13:4613[39m ]  [35mPOST /api/customer/ 200 550 - 73.591 ms[39m
[35m[39m
[ [36m2022-12-07 14:46:36:4636[39m ]  [35mPOST /api/customer/ 200 550 - 72.356 ms[39m
[35m[39m
[ [36m2022-12-07 14:47:01:471[39m ]  [35mPOST /api/customer/login 200 732 - 57.817 ms[39m
[35m[39m
[ [36m2023-02-24 22:25:41:2541[39m ]  [35mPOST /api/customer/ 200 545 - 123.030 ms[39m
[35m[39m
[ [36m2023-02-24 22:25:55:2555[39m ]  [35mPOST /api/customer/login 200 727 - 71.186 ms[39m
[35m[39m
[ [36m2023-02-24 22:26:22:2622[39m ]  [35mPOST /api/plan 200 115 - 932.514 ms[39m
[35m[39m
[ [36m2023-02-24 22:26:39:2639[39m ]  [35mPOST /api/customer/login 200 930 - 61.522 ms[39m
[35m[39m
[ [36m2023-02-25 07:00:40:040[39m ]  [31mName : This Number Already exist | Descriptiion : Internal Server Error | Status Code : 400 | IsOperational : true[39m
[ [36m2023-02-25 07:00:40:040[39m ]  [35mPOST /api/customer/ 400 75 - 93.403 ms[39m
[35m[39m
[ [36m2023-02-25 07:00:43:043[39m ]  [35mPOST /api/customer/login 200 1133 - 86.786 ms[39m
[35m[39m
[ [36m2023-02-25 07:00:48:048[39m ]  [35mPOST /api/plan 200 115 - 796.543 ms[39m
[35m[39m
[ [36m2023-02-25 07:40:35:4035[39m ]  [35mOPTIONS /customer/login 204 0 - 2.754 ms[39m
[35m[39m
[ [36m2023-02-25 07:40:35:4035[39m ]  [35mPOST /customer/login 404 154 - 33.838 ms[39m
[35m[39m
[ [36m2023-02-25 07:40:56:4056[39m ]  [35mOPTIONS /customer/login 204 0 - 0.407 ms[39m
[35m[39m
[ [36m2023-02-25 07:40:56:4056[39m ]  [35mPOST /customer/login 404 154 - 0.938 ms[39m
[35m[39m
[ [36m2023-02-25 07:41:22:4122[39m ]  [35mOPTIONS /api/customer/ 204 0 - 0.295 ms[39m
[35m[39m
[ [36m2023-02-25 07:41:22:4122[39m ]  [35mPOST /api/customer/ 200 542 - 181.063 ms[39m
[35m[39m
[ [36m2023-02-25 07:43:22:4322[39m ]  [35mOPTIONS /api/customer/ 204 0 - 0.179 ms[39m
[35m[39m
[ [36m2023-02-25 07:43:22:4322[39m ]  [35mPOST /api/customer/ 200 541 - 63.382 ms[39m
[35m[39m
[ [36m2023-02-25 07:43:37:4337[39m ]  [35mOPTIONS /customer/login 204 0 - 0.371 ms[39m
[35m[39m
[ [36m2023-02-25 07:43:37:4337[39m ]  [35mPOST /customer/login 404 154 - 1.433 ms[39m
[35m[39m
[ [36m2023-02-25 07:44:37:4437[39m ]  [35mOPTIONS /api/customer/login 204 0 - 0.310 ms[39m
[35m[39m
[ [36m2023-02-25 07:44:38:4438[39m ]  [35mPOST /api/customer/login 200 723 - 63.862 ms[39m
[35m[39m
[ [36m2023-02-25 07:54:42:5442[39m ]  [35mOPTIONS /customer/profile 204 0 - 0.131 ms[39m
[35m[39m
[ [36m2023-02-25 07:54:42:5442[39m ]  [35mOPTIONS /customer/profile 204 0 - 0.134 ms[39m
[35m[39m
[ [36m2023-02-25 07:54:42:5442[39m ]  [35mGET /customer/profile 404 155 - 0.584 ms[39m
[35m[39m
[ [36m2023-02-25 07:54:42:5442[39m ]  [35mGET /customer/profile 404 155 - 0.217 ms[39m
[35m[39m
[ [36m2023-02-25 07:54:49:5449[39m ]  [35mOPTIONS /customer/profile 204 0 - 0.171 ms[39m
[35m[39m
[ [36m2023-02-25 07:54:49:5449[39m ]  [35mOPTIONS /customer/profile 204 0 - 0.168 ms[39m
[35m[39m
[ [36m2023-02-25 07:54:49:5449[39m ]  [35mGET /customer/profile 404 155 - 0.393 ms[39m
[35m[39m
[ [36m2023-02-25 07:54:49:5449[39m ]  [35mGET /customer/profile 404 155 - 0.322 ms[39m
[35m[39m
[ [36m2023-02-25 07:54:49:5449[39m ]  [35mGET /customer/profile 404 155 - 0.619 ms[39m
[35m[39m
[ [36m2023-02-25 07:54:49:5449[39m ]  [35mGET /customer/profile 404 155 - 0.533 ms[39m
[35m[39m
[ [36m2023-02-25 07:54:50:5450[39m ]  [35mGET /customer/profile 404 155 - 0.379 ms[39m
[35m[39m
[ [36m2023-02-25 07:54:50:5450[39m ]  [35mGET /customer/profile 404 155 - 0.310 ms[39m
[35m[39m
[ [36m2023-02-25 07:54:50:5450[39m ]  [35mGET /customer/profile 404 155 - 0.451 ms[39m
[35m[39m
[ [36m2023-02-25 07:54:50:5450[39m ]  [35mGET /customer/profile 404 155 - 0.292 ms[39m
[35m[39m
[ [36m2023-02-25 07:54:50:5450[39m ]  [35mGET /customer/profile 404 155 - 0.299 ms[39m
[35m[39m
[ [36m2023-02-25 07:54:50:5450[39m ]  [35mGET /customer/profile 404 155 - 0.579 ms[39m
[35m[39m
[ [36m2023-02-25 07:55:02:552[39m ]  [35mOPTIONS /customer/profile 204 0 - 0.153 ms[39m
[35m[39m
[ [36m2023-02-25 07:55:02:552[39m ]  [35mOPTIONS /customer/profile 204 0 - 0.115 ms[39m
[35m[39m
[ [36m2023-02-25 07:55:02:552[39m ]  [35mGET /customer/profile 404 155 - 0.407 ms[39m
[35m[39m
[ [36m2023-02-25 07:55:02:552[39m ]  [35mGET /customer/profile 404 155 - 0.397 ms[39m
[35m[39m
[ [36m2023-02-25 08:32:41:3241[39m ]  [35mOPTIONS /api/customer/login 204 0 - 0.659 ms[39m
[35m[39m
[ [36m2023-02-25 08:32:42:3242[39m ]  [35mPOST /api/customer/login 200 926 - 82.261 ms[39m
[35m[39m
[ [36m2023-02-25 08:33:39:3339[39m ]  [35mOPTIONS /api/customer/login 204 0 - 0.346 ms[39m
[35m[39m
[ [36m2023-02-25 08:33:40:3340[39m ]  [35mPOST /api/customer/login 200 1129 - 69.275 ms[39m
[35m[39m
[ [36m2023-02-25 08:43:21:4321[39m ]  [31mName : Another machine running with same name | Descriptiion : Internal Server Error | Status Code : 500 | IsOperational : true[39m
[ [36m2023-02-25 08:43:21:4321[39m ]  [35mPOST /api/plan 500 88 - 34.786 ms[39m
[35m[39m
[ [36m2023-02-25 08:44:54:4454[39m ]  [31mName : Another machine running with same name | Descriptiion : Internal Server Error | Status Code : 500 | IsOperational : true[39m
[ [36m2023-02-25 08:44:54:4454[39m ]  [35mPOST /api/plan 500 88 - 33.181 ms[39m
[35m[39m
[ [36m2023-02-25 08:45:28:4528[39m ]  [35mPOST /api/plan 200 162 - 1237.455 ms[39m
[35m[39m
[ [36m2023-02-25 08:45:34:4534[39m ]  [31mName : Internal Server Error | Descriptiion : Internal Server Error | Status Code : 500 | IsOperational : true[39m
[ [36m2023-02-25 08:45:34:4534[39m ]  [35mPOST /api/plan 500 71 - 33.455 ms[39m
[35m[39m
[ [36m2023-02-25 08:46:14:4614[39m ]  [31mName : Internal Server Error | Descriptiion : Internal Server Error | Status Code : 500 | IsOperational : true[39m
[ [36m2023-02-25 08:46:14:4614[39m ]  [35mPOST /api/plan 500 71 - 58.883 ms[39m
[35m[39m
[ [36m2023-02-25 08:46:40:4640[39m ]  [31mName : Another machine running with same name | Descriptiion : Internal Server Error | Status Code : 500 | IsOperational : true[39m
[ [36m2023-02-25 08:46:40:4640[39m ]  [35mPOST /api/plan 500 88 - 22.891 ms[39m
[35m[39m
[ [36m2023-02-25 08:46:42:4642[39m ]  [31mName : Another machine running with same name | Descriptiion : Internal Server Error | Status Code : 500 | IsOperational : true[39m
[ [36m2023-02-25 08:46:42:4642[39m ]  [35mPOST /api/plan 500 88 - 3.739 ms[39m
[35m[39m
[ [36m2023-02-25 08:46:46:4646[39m ]  [35mPOST /api/plan 200 160 - 336.677 ms[39m
[35m[39m
[ [36m2023-02-25 08:58:06:586[39m ]  [35mOPTIONS /api/plan 204 0 - 0.632 ms[39m
[35m[39m
[ [36m2023-02-25 08:58:06:586[39m ]  [31mName : Internal Server Error | Descriptiion : Internal Server Error | Status Code : 500 | IsOperational : true[39m
[ [36m2023-02-25 08:58:06:586[39m ]  [35mPOST /api/plan 500 71 - 43.275 ms[39m
[35m[39m
[ [36m2023-02-25 08:58:17:5817[39m ]  [35mOPTIONS /api/plan 204 0 - 0.574 ms[39m
[35m[39m
[ [36m2023-02-25 08:58:17:5817[39m ]  [31mName : Internal Server Error | Descriptiion : Internal Server Error | Status Code : 500 | IsOperational : true[39m
[ [36m2023-02-25 08:58:17:5817[39m ]  [35mPOST /api/plan 500 71 - 30.628 ms[39m
[35m[39m
[ [36m2023-02-25 08:59:01:591[39m ]  [35mOPTIONS /api/plan 204 0 - 0.362 ms[39m
[35m[39m
[ [36m2023-02-25 08:59:01:591[39m ]  [31mName : Internal Server Error | Descriptiion : Internal Server Error | Status Code : 500 | IsOperational : true[39m
[ [36m2023-02-25 08:59:01:591[39m ]  [35mPOST /api/plan 500 71 - 28.995 ms[39m
[35m[39m
[ [36m2023-02-25 09:01:40:140[39m ]  [35mOPTIONS /api/plan 204 0 - 0.231 ms[39m
[35m[39m
[ [36m2023-02-25 09:01:40:140[39m ]  [31mName : Internal Server Error | Descriptiion : Internal Server Error | Status Code : 500 | IsOperational : true[39m
[ [36m2023-02-25 09:01:40:140[39m ]  [35mPOST /api/plan 500 71 - 26.919 ms[39m
[35m[39m
[ [36m2023-02-25 09:14:41:1441[39m ]  [35mOPTIONS /api/plan 204 0 - 5.190 ms[39m
[35m[39m
[ [36m2023-02-25 09:14:42:1442[39m ]  [35mPOST /api/plan 200 164 - 1042.708 ms[39m
[35m[39m
[ [36m2023-02-25 09:15:19:1519[39m ]  [35mOPTIONS /api/plan 204 0 - 0.347 ms[39m
[35m[39m
[ [36m2023-02-25 09:15:19:1519[39m ]  [31mName : Internal Server Error | Descriptiion : Internal Server Error | Status Code : 500 | IsOperational : true[39m
[ [36m2023-02-25 09:15:19:1519[39m ]  [35mPOST /api/plan 500 71 - 37.568 ms[39m
[35m[39m
[ [36m2023-02-25 09:15:24:1524[39m ]  [35mPOST /api/plan 200 149 - 355.421 ms[39m
[35m[39m
[ [36m2023-02-25 09:20:37:2037[39m ]  [35mOPTIONS /api/plan 204 0 - 0.487 ms[39m
[35m[39m
[ [36m2023-02-25 09:20:37:2037[39m ]  [35mPOST /api/plan 200 149 - 652.821 ms[39m
[35m[39m
[ [36m2023-02-25 09:22:12:2212[39m ]  [35mOPTIONS /api/plan 204 0 - 0.463 ms[39m
[35m[39m
[ [36m2023-02-25 09:22:13:2213[39m ]  [35mPOST /api/plan 200 149 - 548.854 ms[39m
[35m[39m
[ [36m2023-02-25 09:24:58:2458[39m ]  [35mOPTIONS /api/plan 204 0 - 1.287 ms[39m
[35m[39m
[ [36m2023-02-25 09:24:58:2458[39m ]  [35mPOST /api/plan 200 171 - 347.301 ms[39m
[35m[39m
[ [36m2023-02-25 09:38:56:3856[39m ]  [35mOPTIONS /api/customer/login 204 0 - 0.652 ms[39m
[35m[39m
[ [36m2023-02-25 09:38:56:3856[39m ]  [31mName : Data Not found! | Descriptiion : Internal Server Error | Status Code : 500 | IsOperational : true[39m
[ [36m2023-02-25 09:38:56:3856[39m ]  [35mPOST /api/customer/login 500 65 - 19.791 ms[39m
[35m[39m
[ [36m2023-02-25 09:39:25:3925[39m ]  [35mOPTIONS /api/customer/login 204 0 - 0.357 ms[39m
[35m[39m
[ [36m2023-02-25 09:39:25:3925[39m ]  [31mName : Data Not found! | Descriptiion : Internal Server Error | Status Code : 500 | IsOperational : true[39m
[ [36m2023-02-25 09:39:25:3925[39m ]  [35mPOST /api/customer/login 500 65 - 6.076 ms[39m
[35m[39m
[ [36m2023-02-25 09:39:54:3954[39m ]  [35mOPTIONS /api/customer/ 204 0 - 0.331 ms[39m
[35m[39m
[ [36m2023-02-25 09:39:54:3954[39m ]  [35mPOST /api/customer/ 200 547 - 84.038 ms[39m
[35m[39m
[ [36m2023-02-25 09:40:10:4010[39m ]  [35mOPTIONS /api/customer/login 204 0 - 0.308 ms[39m
[35m[39m
[ [36m2023-02-25 09:40:10:4010[39m ]  [31mName : Wrong Password | Descriptiion : Internal Server Error | Status Code : 400 | IsOperational : true[39m
[ [36m2023-02-25 09:40:10:4010[39m ]  [35mPOST /api/customer/login 400 64 - 60.094 ms[39m
[35m[39m
[ [36m2023-02-25 09:40:17:4017[39m ]  [35mOPTIONS /api/customer/login 204 0 - 0.281 ms[39m
[35m[39m
[ [36m2023-02-25 09:40:17:4017[39m ]  [31mName : Wrong Password | Descriptiion : Internal Server Error | Status Code : 400 | IsOperational : true[39m
[ [36m2023-02-25 09:40:17:4017[39m ]  [35mPOST /api/customer/login 400 64 - 58.044 ms[39m
[35m[39m
[ [36m2023-02-25 09:41:05:415[39m ]  [35mOPTIONS /api/customer/ 204 0 - 0.333 ms[39m
[35m[39m
[ [36m2023-02-25 09:41:05:415[39m ]  [31mName : This Number Already exist | Descriptiion : Internal Server Error | Status Code : 400 | IsOperational : true[39m
[ [36m2023-02-25 09:41:05:415[39m ]  [35mPOST /api/customer/ 400 75 - 66.665 ms[39m
[35m[39m
[ [36m2023-02-25 09:41:11:4111[39m ]  [35mOPTIONS /api/customer/ 204 0 - 0.296 ms[39m
[35m[39m
[ [36m2023-02-25 09:41:11:4111[39m ]  [35mPOST /api/customer/ 200 543 - 72.964 ms[39m
[35m[39m
[ [36m2023-02-25 09:41:27:4127[39m ]  [35mOPTIONS /api/customer/login 204 0 - 0.329 ms[39m
[35m[39m
[ [36m2023-02-25 09:41:27:4127[39m ]  [35mPOST /api/customer/login 200 725 - 67.467 ms[39m
[35m[39m
[ [36m2023-02-25 09:41:40:4140[39m ]  [35mOPTIONS /api/plan 204 0 - 0.646 ms[39m
[35m[39m
[ [36m2023-02-25 09:41:41:4141[39m ]  [35mPOST /api/plan 200 153 - 334.063 ms[39m
[35m[39m
[ [36m2023-02-25 09:53:37:5337[39m ]  [35mOPTIONS /api/plan 204 0 - 1.012 ms[39m
[35m[39m
[ [36m2023-02-25 09:53:38:5338[39m ]  [35mPOST /api/plan 200 148 - 416.505 ms[39m
[35m[39m
[ [36m2023-02-25 11:11:05:115[39m ]  [35mOPTIONS /api/customer/login 204 0 - 0.927 ms[39m
[35m[39m
[ [36m2023-02-25 11:11:05:115[39m ]  [31mName : Data Not found! | Descriptiion : Internal Server Error | Status Code : 500 | IsOperational : true[39m
[ [36m2023-02-25 11:11:05:115[39m ]  [35mPOST /api/customer/login 500 65 - 35.056 ms[39m
[35m[39m
[ [36m2023-02-25 11:15:41:1541[39m ]  [35mOPTIONS /api/customer/ 204 0 - 0.563 ms[39m
[35m[39m
[ [36m2023-02-25 11:15:41:1541[39m ]  [35mPOST /api/customer/ 200 543 - 88.748 ms[39m
[35m[39m
[ [36m2023-02-25 11:16:26:1626[39m ]  [35mOPTIONS /api/customer/login 204 0 - 0.611 ms[39m
[35m[39m
[ [36m2023-02-25 11:16:27:1627[39m ]  [35mPOST /api/customer/login 200 725 - 68.484 ms[39m
[35m[39m
[ [36m2023-02-25 11:17:39:1739[39m ]  [35mOPTIONS /api/plan 204 0 - 0.360 ms[39m
[35m[39m
[ [36m2023-02-25 11:17:40:1740[39m ]  [31mName : Internal Server Error | Descriptiion : Internal Server Error | Status Code : 500 | IsOperational : true[39m
[ [36m2023-02-25 11:17:40:1740[39m ]  [35mPOST /api/plan 500 71 - 44.536 ms[39m
[35m[39m
[ [36m2023-02-25 11:18:00:180[39m ]  [35mOPTIONS /api/plan 204 0 - 0.334 ms[39m
[35m[39m
[ [36m2023-02-25 11:18:00:180[39m ]  [35mPOST /api/plan 200 149 - 473.682 ms[39m
[35m[39m
[ [36m2023-05-01 16:00:45:045[39m ]  [35mOPTIONS /api/plan 204 0 - 2.810 ms[39m
[35m[39m
[ [36m2023-05-01 16:00:46:046[39m ]  [35mPOST /api/plan 200 155 - 808.767 ms[39m
[35m[39m
[ [36m2023-05-01 16:04:27:427[39m ]  [35mOPTIONS /api/plan 204 0 - 0.508 ms[39m
[35m[39m
[ [36m2023-05-01 16:04:27:427[39m ]  [31mName : Another machine running with same name | Descriptiion : Internal Server Error | Status Code : 500 | IsOperational : true[39m
[ [36m2023-05-01 16:04:27:427[39m ]  [35mPOST /api/plan 500 88 - 16.735 ms[39m
[35m[39m
[ [36m2023-05-01 16:04:32:432[39m ]  [31mName : Another machine running with same name | Descriptiion : Internal Server Error | Status Code : 500 | IsOperational : true[39m
[ [36m2023-05-01 16:04:32:432[39m ]  [35mPOST /api/plan 500 88 - 8.326 ms[39m
[35m[39m
[ [36m2023-05-01 16:04:36:436[39m ]  [35mOPTIONS /api/plan 204 0 - 0.336 ms[39m
[35m[39m
[ [36m2023-05-01 16:04:37:437[39m ]  [35mPOST /api/plan 200 155 - 351.100 ms[39m
[35m[39m
[ [36m2023-05-01 16:08:34:834[39m ]  [35mOPTIONS /api/customer/ 204 0 - 0.323 ms[39m
[35m[39m
[ [36m2023-05-01 16:08:35:835[39m ]  [35mPOST /api/customer/ 200 554 - 87.766 ms[39m
[35m[39m
[ [36m2023-05-01 16:08:48:848[39m ]  [35mOPTIONS /api/customer/login 204 0 - 0.357 ms[39m
[35m[39m
[ [36m2023-05-01 16:08:48:848[39m ]  [35mPOST /api/customer/login 200 736 - 69.511 ms[39m
[35m[39m
[ [36m2023-05-01 16:09:01:91[39m ]  [35mOPTIONS /api/plan 204 0 - 0.529 ms[39m
[35m[39m
[ [36m2023-05-01 16:09:02:92[39m ]  [35mPOST /api/plan 200 155 - 340.710 ms[39m
[35m[39m
[ [36m2023-05-01 16:13:07:137[39m ]  [35mOPTIONS /api/plan 204 0 - 0.368 ms[39m
[35m[39m
[ [36m2023-05-01 16:13:08:138[39m ]  [35mPOST /api/plan 200 155 - 551.025 ms[39m
[35m[39m
[ [36m2023-05-19 22:56:00:560[39m ]  [35mOPTIONS /api/plan 204 0 - 2.412 ms[39m
[35m[39m
[ [36m2023-05-19 22:56:01:561[39m ]  [35mPOST /api/plan 200 151 - 388.919 ms[39m
[35m[39m
[ [36m2023-05-19 22:56:19:5619[39m ]  [35mOPTIONS /api/plan 204 0 - 0.524 ms[39m
[35m[39m
[ [36m2023-05-19 22:56:19:5619[39m ]  [31mName : Another machine running with same name | Descriptiion : Internal Server Error | Status Code : 500 | IsOperational : true[39m
[ [36m2023-05-19 22:56:19:5619[39m ]  [35mPOST /api/plan 500 88 - 12.841 ms[39m
[35m[39m
[ [36m2023-05-19 22:56:29:5629[39m ]  [35mOPTIONS /api/plan 204 0 - 0.470 ms[39m
[35m[39m
[ [36m2023-05-19 22:56:29:5629[39m ]  [35mPOST /api/plan 200 151 - 347.854 ms[39m
[35m[39m
[ [36m2023-05-19 23:23:17:2317[39m ]  [35mOPTIONS /api/plan 204 0 - 0.182 ms[39m
[35m[39m
[ [36m2023-05-19 23:23:17:2317[39m ]  [31mName : Internal Server Error | Descriptiion : Internal Server Error | Status Code : 500 | IsOperational : true[39m
[ [36m2023-05-19 23:23:17:2317[39m ]  [35mPOST /api/plan 500 71 - 40.600 ms[39m
[35m[39m
[ [36m2023-05-19 23:23:25:2325[39m ]  [35mOPTIONS /api/plan 204 0 - 0.899 ms[39m
[35m[39m
[ [36m2023-05-19 23:23:25:2325[39m ]  [35mPOST /api/plan 200 152 - 345.334 ms[39m
[35m[39m
[ [36m2023-05-19 23:53:26:5326[39m ]  [35mOPTIONS /api/plan 204 0 - 1.142 ms[39m
[35m[39m
[ [36m2023-05-19 23:53:26:5326[39m ]  [31mName : Internal Server Error | Descriptiion : Internal Server Error | Status Code : 500 | IsOperational : true[39m
[ [36m2023-05-19 23:53:26:5326[39m ]  [35mPOST /api/plan 500 71 - 522.716 ms[39m
[35m[39m
[ [36m2023-05-19 23:54:02:542[39m ]  [35mOPTIONS /api/plan 204 0 - 3.168 ms[39m
[35m[39m
[ [36m2023-05-19 23:54:02:542[39m ]  [31mName : Internal Server Error | Descriptiion : Internal Server Error | Status Code : 500 | IsOperational : true[39m
[ [36m2023-05-19 23:54:02:542[39m ]  [35mPOST /api/plan 500 71 - 44.678 ms[39m
[35m[39m
[ [36m2023-05-19 23:54:10:5410[39m ]  [35mOPTIONS /api/plan 204 0 - 0.538 ms[39m
[35m[39m
[ [36m2023-05-19 23:54:10:5410[39m ]  [31mName : Internal Server Error | Descriptiion : Internal Server Error | Status Code : 500 | IsOperational : true[39m
[ [36m2023-05-19 23:54:10:5410[39m ]  [35mPOST /api/plan 500 71 - 36.083 ms[39m
[35m[39m
[ [36m2023-05-19 23:54:16:5416[39m ]  [35mOPTIONS /api/plan 204 0 - 1.013 ms[39m
[35m[39m
[ [36m2023-05-19 23:54:16:5416[39m ]  [31mName : Internal Server Error | Descriptiion : Internal Server Error | Status Code : 500 | IsOperational : true[39m
[ [36m2023-05-19 23:54:16:5416[39m ]  [35mPOST /api/plan 500 71 - 166.360 ms[39m
[35m[39m
[ [36m2023-05-19 23:54:54:5454[39m ]  [35mOPTIONS /api/plan 204 0 - 0.323 ms[39m
[35m[39m
[ [36m2023-05-19 23:56:31:5631[39m ]  [35mOPTIONS /api/plan 204 0 - 2.989 ms[39m
[35m[39m
[ [36m2023-05-19 23:56:31:5631[39m ]  [31mName : Internal Server Error | Descriptiion : Internal Server Error | Status Code : 500 | IsOperational : true[39m
[ [36m2023-05-19 23:56:31:5631[39m ]  [35mPOST /api/plan 500 71 - 253.572 ms[39m
[35m[39m
[ [36m2023-05-19 23:56:33:5633[39m ]  [31mName : Internal Server Error | Descriptiion : Internal Server Error | Status Code : 500 | IsOperational : true[39m
[ [36m2023-05-19 23:56:33:5633[39m ]  [35mPOST /api/plan 500 71 - 177.485 ms[39m
[35m[39m
[ [36m2023-05-19 23:57:32:5732[39m ]  [35mOPTIONS /api/plan 204 0 - 0.692 ms[39m
[35m[39m
[ [36m2023-05-20 00:08:12:812[39m ]  [35mOPTIONS /api/plan 204 0 - 1.143 ms[39m
[35m[39m
[ [36m2023-05-20 00:08:12:812[39m ]  [31mName : Internal Server Error | Descriptiion : Internal Server Error | Status Code : 500 | IsOperational : true[39m
[ [36m2023-05-20 00:08:12:812[39m ]  [35mPOST /api/plan 500 71 - 41.087 ms[39m
[35m[39m
[ [36m2023-05-20 00:10:02:102[39m ]  [35mOPTIONS /api/plan 204 0 - 4.200 ms[39m
[35m[39m
[ [36m2023-05-20 00:10:02:102[39m ]  [31mName : Internal Server Error | Descriptiion : Internal Server Error | Status Code : 500 | IsOperational : true[39m
[ [36m2023-05-20 00:10:02:102[39m ]  [35mPOST /api/plan 500 71 - 43.626 ms[39m
[35m[39m
[ [36m2023-05-20 00:11:20:1120[39m ]  [35mOPTIONS /api/plan 204 0 - 3.460 ms[39m
[35m[39m
[ [36m2023-05-20 00:11:21:1121[39m ]  [31mName : Internal Server Error | Descriptiion : Internal Server Error | Status Code : 500 | IsOperational : true[39m
[ [36m2023-05-20 00:11:21:1121[39m ]  [35mPOST /api/plan 500 71 - 153.804 ms[39m
[35m[39m
[ [36m2023-05-20 00:12:04:124[39m ]  [35mOPTIONS /api/plan 204 0 - 0.577 ms[39m
[35m[39m
[ [36m2023-05-20 00:12:04:124[39m ]  [35mPOST /api/plan 200 149 - 577.277 ms[39m
[35m[39m
[ [36m2023-05-20 00:12:10:1210[39m ]  [35mOPTIONS /api/plan 204 0 - 0.665 ms[39m
[35m[39m
[ [36m2023-05-20 00:12:11:1211[39m ]  [35mPOST /api/plan 200 149 - 885.173 ms[39m
[35m[39m
[ [36m2023-05-20 00:12:14:1214[39m ]  [35mPOST /api/plan 200 149 - 1244.253 ms[39m
[35m[39m
[ [36m2023-05-20 00:14:58:1458[39m ]  [35mOPTIONS /api/plan 204 0 - 2.877 ms[39m
[35m[39m
[ [36m2023-05-20 00:14:58:1458[39m ]  [35mPOST /api/plan 200 149 - 361.572 ms[39m
[35m[39m
[ [36m2023-05-20 09:39:28:3928[39m ]  [35mOPTIONS /api/customer/ 204 0 - 1.345 ms[39m
[35m[39m
[ [36m2023-05-20 09:39:28:3928[39m ]  [35mPOST /api/customer/ 200 557 - 106.175 ms[39m
[35m[39m
[ [36m2023-05-20 09:39:39:3939[39m ]  [35mOPTIONS /api/customer/login 204 0 - 0.508 ms[39m
[35m[39m
[ [36m2023-05-20 09:39:39:3939[39m ]  [35mPOST /api/customer/login 200 739 - 76.695 ms[39m
[35m[39m
[ [36m2023-05-20 09:39:49:3949[39m ]  [35mOPTIONS /api/plan 204 0 - 0.183 ms[39m
[35m[39m
[ [36m2023-05-20 09:39:50:3950[39m ]  [35mPOST /api/plan 200 149 - 300.321 ms[39m
[35m[39m
[ [36m2023-05-20 10:11:04:114[39m ]  [35mOPTIONS /api/plan 204 0 - 0.375 ms[39m
[35m[39m
[ [36m2023-05-20 10:11:04:114[39m ]  [35mPOST /api/plan 200 149 - 707.003 ms[39m
[35m[39m
[ [36m2023-05-20 10:23:38:2338[39m ]  [35mOPTIONS /api/plan 204 0 - 0.599 ms[39m
[35m[39m
[ [36m2023-05-20 10:23:38:2338[39m ]  [35mPOST /api/plan 200 150 - 587.320 ms[39m
[35m[39m
[ [36m2023-05-20 11:13:08:138[39m ]  [35mOPTIONS /api/customer/ 204 0 - 1.748 ms[39m
[35m[39m
[ [36m2023-05-20 11:13:08:138[39m ]  [35mPOST /api/customer/ 200 551 - 95.894 ms[39m
[35m[39m
[ [36m2023-05-20 11:13:18:1318[39m ]  [35mOPTIONS /api/customer/login 204 0 - 0.517 ms[39m
[35m[39m
[ [36m2023-05-20 11:13:18:1318[39m ]  [31mName : Data Not found! | Descriptiion : Internal Server Error | Status Code : 500 | IsOperational : true[39m
[ [36m2023-05-20 11:13:18:1318[39m ]  [35mPOST /api/customer/login 500 65 - 12.554 ms[39m
[35m[39m
[ [36m2023-05-20 11:13:26:1326[39m ]  [35mOPTIONS /api/customer/login 204 0 - 0.311 ms[39m
[35m[39m
[ [36m2023-05-20 11:13:26:1326[39m ]  [35mPOST /api/customer/login 200 733 - 71.151 ms[39m
[35m[39m
[ [36m2023-05-20 11:21:06:216[39m ]  [35mOPTIONS /api/customer/login 204 0 - 0.327 ms[39m
[35m[39m
[ [36m2023-05-20 11:21:26:2126[39m ]  [35mPOST /api/customer/login   -  ms[39m
[35m[39m
[ [36m2023-05-20 11:21:36:2136[39m ]  [31mName : Unable to Find Customer MongooseServerSelectionError | Descriptiion : connect ECONNREFUSED | Status Code : 500 | IsOperational : true[39m
[ [36m2023-05-20 11:22:29:2229[39m ]  [35mOPTIONS /api/customer/login 204 0 - 0.276 ms[39m
[35m[39m
[ [36m2023-05-20 11:22:29:2229[39m ]  [35mPOST /api/customer/login 200 936 - 65.925 ms[39m
[35m[39m
[ [36m2023-05-20 11:24:11:2411[39m ]  [35mOPTIONS /api/customer/login 204 0 - 0.274 ms[39m
[35m[39m
[ [36m2023-05-20 11:24:11:2411[39m ]  [35mPOST /api/customer/login 200 1139 - 61.628 ms[39m
[35m[39m
[ [36m2023-05-20 11:24:19:2419[39m ]  [35mOPTIONS /api/plan 204 0 - 0.342 ms[39m
[35m[39m
[ [36m2023-05-20 11:24:19:2419[39m ]  [35mPOST /api/plan 200 150 - 351.343 ms[39m
[35m[39m
[ [36m2023-05-20 11:24:48:2448[39m ]  [35mOPTIONS /api/plan 204 0 - 0.353 ms[39m
[35m[39m
[ [36m2023-05-20 11:24:48:2448[39m ]  [35mPOST /api/plan 200 149 - 324.323 ms[39m
[35m[39m
[ [36m2023-05-20 11:26:46:2646[39m ]  [35mOPTIONS /api/plan 204 0 - 0.384 ms[39m
[35m[39m
[ [36m2023-05-20 11:26:47:2647[39m ]  [35mPOST /api/plan 200 157 - 533.068 ms[39m
[35m[39m
[ [36m2023-05-20 12:12:12:1212[39m ]  [35mOPTIONS /api/plan 204 0 - 0.440 ms[39m
[35m[39m
[ [36m2023-05-20 12:12:13:1213[39m ]  [35mPOST /api/plan 200 150 - 675.604 ms[39m
[35m[39m
[ [36m2023-05-20 12:12:23:1223[39m ]  [35mOPTIONS /api/plan 204 0 - 0.389 ms[39m
[35m[39m
[ [36m2023-05-20 12:12:23:1223[39m ]  [35mPOST /api/plan 200 149 - 330.856 ms[39m
[35m[39m
[ [36m2023-05-20 12:15:53:1553[39m ]  [35mOPTIONS /api/plan 204 0 - 0.392 ms[39m
[35m[39m
[ [36m2023-05-20 12:15:53:1553[39m ]  [35mPOST /api/plan 200 150 - 455.264 ms[39m
[35m[39m
[ [36m2023-05-20 13:30:50:3050[39m ]  [35mOPTIONS /api/customer/login 204 0 - 0.449 ms[39m
[35m[39m
[ [36m2023-05-20 13:30:50:3050[39m ]  [31mName : Data Not found! | Descriptiion : Internal Server Error | Status Code : 500 | IsOperational : true[39m
[ [36m2023-05-20 13:30:50:3050[39m ]  [35mPOST /api/customer/login 500 65 - 33.873 ms[39m
[35m[39m
[ [36m2023-05-20 13:31:21:3121[39m ]  [35mOPTIONS /api/customer/login 204 0 - 0.163 ms[39m
[35m[39m
[ [36m2023-05-20 13:31:21:3121[39m ]  [31mName : Data Not found! | Descriptiion : Internal Server Error | Status Code : 500 | IsOperational : true[39m
[ [36m2023-05-20 13:31:21:3121[39m ]  [35mPOST /api/customer/login 500 65 - 3.163 ms[39m
[35m[39m
[ [36m2023-05-20 13:31:25:3125[39m ]  [31mName : Data Not found! | Descriptiion : Internal Server Error | Status Code : 500 | IsOperational : true[39m
[ [36m2023-05-20 13:31:25:3125[39m ]  [35mPOST /api/customer/login 500 65 - 5.229 ms[39m
[35m[39m
[ [36m2023-05-20 13:32:20:3220[39m ]  [35mOPTIONS /api/customer/login 204 0 - 0.569 ms[39m
[35m[39m
[ [36m2023-05-20 13:32:20:3220[39m ]  [31mName : Data Not found! | Descriptiion : Internal Server Error | Status Code : 500 | IsOperational : true[39m
[ [36m2023-05-20 13:32:20:3220[39m ]  [35mPOST /api/customer/login 500 65 - 4.428 ms[39m
[35m[39m
[ [36m2023-05-20 13:33:09:339[39m ]  [31mName : Data Not found! | Descriptiion : Internal Server Error | Status Code : 500 | IsOperational : true[39m
[ [36m2023-05-20 13:33:09:339[39m ]  [35mPOST /api/customer/login 500 65 - 3.275 ms[39m
[35m[39m
[ [36m2023-05-20 13:36:34:3634[39m ]  [35mOPTIONS /api/customer/login 204 0 - 1.168 ms[39m
[35m[39m
[ [36m2023-05-20 13:36:34:3634[39m ]  [31mName : Data Not found! | Descriptiion : Internal Server Error | Status Code : 500 | IsOperational : true[39m
[ [36m2023-05-20 13:36:34:3634[39m ]  [35mPOST /api/customer/login 500 65 - 19.573 ms[39m
[35m[39m
[ [36m2023-05-20 13:38:59:3859[39m ]  [35mOPTIONS /api/customer/login 204 0 - 1.274 ms[39m
[35m[39m
[ [36m2023-05-20 13:38:59:3859[39m ]  [31mName : Wrong number or password | Descriptiion : Internal Server Error | Status Code : 500 | IsOperational : true[39m
[ [36m2023-05-20 13:38:59:3859[39m ]  [35mPOST /api/customer/login 500 74 - 19.913 ms[39m
[35m[39m
[ [36m2023-05-20 13:39:28:3928[39m ]  [35mOPTIONS /api/customer/login 204 0 - 1.156 ms[39m
[35m[39m
[ [36m2023-05-20 13:39:28:3928[39m ]  [31mName : Wrong number or password | Descriptiion : Internal Server Error | Status Code : 500 | IsOperational : true[39m
[ [36m2023-05-20 13:39:28:3928[39m ]  [35mPOST /api/customer/login 500 74 - 18.121 ms[39m
[35m[39m
[ [36m2023-05-20 13:40:06:406[39m ]  [35mOPTIONS /api/customer/login 204 0 - 1.278 ms[39m
[35m[39m
[ [36m2023-05-20 13:40:06:406[39m ]  [31mName : Wrong number or password | Descriptiion : Internal Server Error | Status Code : 500 | IsOperational : true[39m
[ [36m2023-05-20 13:40:06:406[39m ]  [35mPOST /api/customer/login 500 74 - 32.752 ms[39m
[35m[39m
[ [36m2023-05-20 13:45:35:4535[39m ]  [31mName : Wrong number or password | Descriptiion : Internal Server Error | Status Code : 500 | IsOperational : true[39m
[ [36m2023-05-20 13:45:35:4535[39m ]  [35mPOST /api/customer/login 500 74 - 21.099 ms[39m
[35m[39m
[ [36m2023-05-20 13:45:38:4538[39m ]  [31mName : Wrong number or password | Descriptiion : Internal Server Error | Status Code : 500 | IsOperational : true[39m
[ [36m2023-05-20 13:45:38:4538[39m ]  [35mPOST /api/customer/login 500 74 - 3.472 ms[39m
[35m[39m
[ [36m2023-05-20 13:45:42:4542[39m ]  [35mOPTIONS /api/customer/login 204 0 - 0.811 ms[39m
[35m[39m
[ [36m2023-05-20 13:45:42:4542[39m ]  [31mName : Wrong number or password | Descriptiion : Internal Server Error | Status Code : 500 | IsOperational : true[39m
[ [36m2023-05-20 13:45:42:4542[39m ]  [35mPOST /api/customer/login 500 74 - 3.372 ms[39m
[35m[39m
[ [36m2023-05-20 13:46:37:4637[39m ]  [35mOPTIONS /api/customer/login 204 0 - 0.231 ms[39m
[35m[39m
[ [36m2023-05-20 13:46:37:4637[39m ]  [31mName : Wrong number or password | Descriptiion : Internal Server Error | Status Code : 500 | IsOperational : true[39m
[ [36m2023-05-20 13:46:37:4637[39m ]  [35mPOST /api/customer/login 500 74 - 3.395 ms[39m
[35m[39m
[ [36m2023-05-20 13:47:16:4716[39m ]  [35mOPTIONS /api/customer/login 204 0 - 0.127 ms[39m
[35m[39m
[ [36m2023-05-20 13:47:16:4716[39m ]  [31mName : Wrong number or password | Descriptiion : Internal Server Error | Status Code : 500 | IsOperational : true[39m
[ [36m2023-05-20 13:47:16:4716[39m ]  [35mPOST /api/customer/login 500 74 - 2.704 ms[39m
[35m[39m
[ [36m2023-05-20 13:48:21:4821[39m ]  [35mOPTIONS /api/customer/login 204 0 - 0.286 ms[39m
[35m[39m
[ [36m2023-05-20 13:48:21:4821[39m ]  [31mName : Wrong number or password | Descriptiion : Internal Server Error | Status Code : 500 | IsOperational : true[39m
[ [36m2023-05-20 13:48:21:4821[39m ]  [35mPOST /api/customer/login 500 74 - 6.609 ms[39m
[35m[39m
[ [36m2023-05-20 13:48:25:4825[39m ]  [31mName : Wrong number or password | Descriptiion : Internal Server Error | Status Code : 500 | IsOperational : true[39m
[ [36m2023-05-20 13:48:25:4825[39m ]  [35mPOST /api/customer/login 500 74 - 7.004 ms[39m
[35m[39m
[ [36m2023-05-20 13:48:48:4848[39m ]  [35mOPTIONS /api/customer/ 204 0 - 0.269 ms[39m
[35m[39m
[ [36m2023-05-20 13:48:48:4848[39m ]  [31mName : This Number Already exist | Descriptiion : Internal Server Error | Status Code : 400 | IsOperational : true[39m
[ [36m2023-05-20 13:48:48:4848[39m ]  [35mPOST /api/customer/ 400 75 - 65.993 ms[39m
[35m[39m
[ [36m2023-05-20 13:49:15:4915[39m ]  [35mPOST /api/customer/ 200 545 - 77.292 ms[39m
[35m[39m
[ [36m2023-05-20 13:49:19:4919[39m ]  [31mName : This Number Already exist | Descriptiion : Internal Server Error | Status Code : 400 | IsOperational : true[39m
[ [36m2023-05-20 13:49:19:4919[39m ]  [35mPOST /api/customer/ 400 75 - 60.599 ms[39m
[35m[39m
[ [36m2023-05-20 14:05:34:534[39m ]  [35mOPTIONS /api/customer/ 204 0 - 0.176 ms[39m
[35m[39m
[ [36m2023-05-20 14:05:34:534[39m ]  [31mName : This Number Already exist | Descriptiion : Internal Server Error | Status Code : 400 | IsOperational : true[39m
[ [36m2023-05-20 14:05:34:534[39m ]  [35mPOST /api/customer/ 400 75 - 65.573 ms[39m
[35m[39m
[ [36m2023-05-20 14:05:38:538[39m ]  [31mName : This Number Already exist | Descriptiion : Internal Server Error | Status Code : 400 | IsOperational : true[39m
[ [36m2023-05-20 14:05:38:538[39m ]  [35mPOST /api/customer/ 400 75 - 66.501 ms[39m
[35m[39m
[ [36m2023-05-20 14:05:43:543[39m ]  [35mOPTIONS /api/customer/ 204 0 - 0.498 ms[39m
[35m[39m
[ [36m2023-05-20 14:05:43:543[39m ]  [31mName : This Number Already exist | Descriptiion : Internal Server Error | Status Code : 400 | IsOperational : true[39m
[ [36m2023-05-20 14:05:43:543[39m ]  [35mPOST /api/customer/ 400 75 - 62.781 ms[39m
[35m[39m
[ [36m2023-05-20 14:05:48:548[39m ]  [31mName : This Number Already exist | Descriptiion : Internal Server Error | Status Code : 400 | IsOperational : true[39m
[ [36m2023-05-20 14:05:48:548[39m ]  [35mPOST /api/customer/ 400 75 - 64.097 ms[39m
[35m[39m
[ [36m2023-05-20 14:06:07:67[39m ]  [35mOPTIONS /api/customer/login 204 0 - 0.176 ms[39m
[35m[39m
[ [36m2023-05-20 14:06:08:68[39m ]  [35mPOST /api/customer/login 200 1342 - 65.857 ms[39m
[35m[39m
[ [36m2023-05-20 18:28:32:2832[39m ]  [35mOPTIONS /api/plan 204 0 - 3.583 ms[39m
[35m[39m
[ [36m2023-05-20 18:28:33:2833[39m ]  [35mPOST /api/plan 200 149 - 833.717 ms[39m
[35m[39m
[ [36m2023-05-20 19:15:41:1541[39m ]  [35mOPTIONS /api/plan 204 0 - 0.685 ms[39m
[35m[39m
[ [36m2023-05-20 19:15:41:1541[39m ]  [35mPOST /api/plan 200 150 - 857.635 ms[39m
[35m[39m
[ [36m2023-05-20 19:17:02:172[39m ]  [35mOPTIONS /api/plan 204 0 - 0.508 ms[39m
[35m[39m
[ [36m2023-05-20 19:17:03:173[39m ]  [35mPOST /api/plan 200 149 - 583.705 ms[39m
[35m[39m
[ [36m2023-05-20 19:17:17:1717[39m ]  [35mOPTIONS /api/plan 204 0 - 0.142 ms[39m
[35m[39m
[ [36m2023-05-20 19:17:17:1717[39m ]  [35mPOST /api/plan 200 149 - 343.746 ms[39m
[35m[39m
[ [36m2023-06-01 19:53:45:5345[39m ]  [35mOPTIONS /api/customer/ 204 0 - 1.614 ms[39m
[35m[39m
[ [36m2023-06-01 19:53:45:5345[39m ]  [35mPOST /api/customer/ 200 545 - 128.843 ms[39m
[35m[39m
[ [36m2023-06-01 19:54:05:545[39m ]  [35mOPTIONS /api/customer/login 204 0 - 0.292 ms[39m
[35m[39m
[ [36m2023-06-01 19:54:05:545[39m ]  [35mPOST /api/customer/login 200 727 - 70.017 ms[39m
[35m[39m
[ [36m2023-06-01 19:56:17:5617[39m ]  [35mOPTIONS /api/plan 204 0 - 0.322 ms[39m
[35m[39m
[ [36m2023-06-01 19:56:17:5617[39m ]  [31mName : Internal Server Error | Descriptiion : Internal Server Error | Status Code : 500 | IsOperational : true[39m
[ [36m2023-06-01 19:56:17:5617[39m ]  [35mPOST /api/plan 500 71 - 59.939 ms[39m
[35m[39m
[ [36m2023-06-01 19:56:53:5653[39m ]  [35mOPTIONS /api/plan 204 0 - 0.307 ms[39m
[35m[39m
[ [36m2023-06-01 19:56:53:5653[39m ]  [31mName : Internal Server Error | Descriptiion : Internal Server Error | Status Code : 500 | IsOperational : true[39m
[ [36m2023-06-01 19:56:53:5653[39m ]  [35mPOST /api/plan 500 71 - 35.485 ms[39m
[35m[39m
[ [36m2023-06-01 20:00:15:015[39m ]  [35mOPTIONS /api/plan 204 0 - 0.387 ms[39m
[35m[39m
[ [36m2023-06-01 20:00:15:015[39m ]  [31mName : Internal Server Error | Descriptiion : Internal Server Error | Status Code : 500 | IsOperational : true[39m
[ [36m2023-06-01 20:00:15:015[39m ]  [35mPOST /api/plan 500 71 - 205.541 ms[39m
[35m[39m
[ [36m2023-06-01 20:01:48:148[39m ]  [35mOPTIONS /api/plan 204 0 - 3.509 ms[39m
[35m[39m
[ [36m2023-06-01 20:01:48:148[39m ]  [31mName : print is not defined | Descriptiion : Internal Server Error | Status Code : 500 | IsOperational : true[39m
[ [36m2023-06-01 20:01:48:148[39m ]  [35mPOST /api/plan 500 70 - 23.641 ms[39m
[35m[39m
[ [36m2023-06-01 20:02:10:210[39m ]  [35mOPTIONS /api/plan 204 0 - 3.336 ms[39m
[35m[39m
[ [36m2023-06-01 20:02:10:210[39m ]  [31mName : Internal Server Error | Descriptiion : Internal Server Error | Status Code : 500 | IsOperational : true[39m
[ [36m2023-06-01 20:02:10:210[39m ]  [35mPOST /api/plan 500 71 - 200.302 ms[39m
[35m[39m
[ [36m2023-06-01 20:02:42:242[39m ]  [35mOPTIONS /api/plan 204 0 - 2.996 ms[39m
[35m[39m
[ [36m2023-06-01 20:02:42:242[39m ]  [31mName : Internal Server Error | Descriptiion : Internal Server Error | Status Code : 500 | IsOperational : true[39m
[ [36m2023-06-01 20:02:42:242[39m ]  [35mPOST /api/plan 500 71 - 185.838 ms[39m
[35m[39m
[ [36m2023-06-01 20:03:34:334[39m ]  [35mOPTIONS /api/plan 204 0 - 4.059 ms[39m
[35m[39m
[ [36m2023-06-01 20:03:34:334[39m ]  [31mName : Internal Server Error | Descriptiion : Internal Server Error | Status Code : 500 | IsOperational : true[39m
[ [36m2023-06-01 20:03:34:334[39m ]  [35mPOST /api/plan 500 71 - 212.210 ms[39m
[35m[39m
[ [36m2023-06-01 20:03:54:354[39m ]  [35mOPTIONS /api/plan 204 0 - 3.246 ms[39m
[35m[39m
[ [36m2023-06-01 20:03:54:354[39m ]  [31mName : Internal Server Error | Descriptiion : Internal Server Error | Status Code : 500 | IsOperational : true[39m
[ [36m2023-06-01 20:03:54:354[39m ]  [35mPOST /api/plan 500 71 - 183.764 ms[39m
[35m[39m
[ [36m2023-06-01 20:04:22:422[39m ]  [35mOPTIONS /api/plan 204 0 - 3.561 ms[39m
[35m[39m
[ [36m2023-06-01 20:04:22:422[39m ]  [31mName : Internal Server Error | Descriptiion : Internal Server Error | Status Code : 500 | IsOperational : true[39m
[ [36m2023-06-01 20:04:22:422[39m ]  [35mPOST /api/plan 500 71 - 186.059 ms[39m
[35m[39m
[ [36m2023-06-01 20:05:00:50[39m ]  [35mOPTIONS /api/plan 204 0 - 0.568 ms[39m
[35m[39m
[ [36m2023-06-01 20:05:00:50[39m ]  [35mPOST /api/plan 200 150 - 431.008 ms[39m
[35m[39m
[ [36m2023-06-01 20:05:05:55[39m ]  [35mOPTIONS /api/plan 204 0 - 0.494 ms[39m
[35m[39m
[ [36m2023-06-01 20:05:06:56[39m ]  [35mPOST /api/plan 200 150 - 365.490 ms[39m
[35m[39m
[ [36m2023-06-01 20:05:08:58[39m ]  [35mPOST /api/plan 200 150 - 350.624 ms[39m
[35m[39m
[ [36m2023-06-01 20:09:13:913[39m ]  [35mOPTIONS /api/plan 204 0 - 0.344 ms[39m
[35m[39m
[ [36m2023-06-01 20:09:14:914[39m ]  [35mPOST /api/plan 200 149 - 439.826 ms[39m
[35m[39m
[ [36m2023-06-01 20:58:10:5810[39m ]  [35mOPTIONS /api/customer/login 204 0 - 1.614 ms[39m
[35m[39m
[ [36m2023-06-01 20:58:10:5810[39m ]  [31mName : Wrong number or password | Descriptiion : Internal Server Error | Status Code : 500 | IsOperational : true[39m
[ [36m2023-06-01 20:58:10:5810[39m ]  [35mPOST /api/customer/login 500 74 - 33.845 ms[39m
[35m[39m
[ [36m2023-06-01 20:58:16:5816[39m ]  [35mOPTIONS /api/customer/login 204 0 - 0.523 ms[39m
[35m[39m
[ [36m2023-06-01 20:58:16:5816[39m ]  [31mName : Wrong number or password | Descriptiion : Internal Server Error | Status Code : 500 | IsOperational : true[39m
[ [36m2023-06-01 20:58:16:5816[39m ]  [35mPOST /api/customer/login 500 74 - 4.723 ms[39m
[35m[39m
[ [36m2023-06-01 20:58:34:5834[39m ]  [35mOPTIONS /api/customer/ 204 0 - 0.317 ms[39m
[35m[39m
[ [36m2023-06-01 20:58:34:5834[39m ]  [35mPOST /api/customer/ 200 545 - 94.230 ms[39m
[35m[39m
[ [36m2023-06-01 20:58:44:5844[39m ]  [35mOPTIONS /api/customer/login 204 0 - 0.279 ms[39m
[35m[39m
[ [36m2023-06-01 20:58:44:5844[39m ]  [35mPOST /api/customer/login 200 727 - 69.127 ms[39m
[35m[39m
[ [36m2023-06-01 21:25:52:2552[39m ]  [35mOPTIONS /api/plan 204 0 - 1.818 ms[39m
[35m[39m
[ [36m2023-06-01 21:25:52:2552[39m ]  [31mName : Internal Server Error | Descriptiion : Internal Server Error | Status Code : 500 | IsOperational : true[39m
[ [36m2023-06-01 21:25:52:2552[39m ]  [35mPOST /api/plan 500 71 - 64.304 ms[39m
[35m[39m
[ [36m2023-06-01 21:26:28:2628[39m ]  [35mOPTIONS /api/plan 204 0 - 1.095 ms[39m
[35m[39m
[ [36m2023-06-01 21:26:28:2628[39m ]  [31mName : Internal Server Error | Descriptiion : Internal Server Error | Status Code : 500 | IsOperational : true[39m
[ [36m2023-06-01 21:26:28:2628[39m ]  [35mPOST /api/plan 500 71 - 62.413 ms[39m
[35m[39m
[ [36m2023-06-01 21:27:56:2756[39m ]  [35mOPTIONS /api/plan 204 0 - 0.498 ms[39m
[35m[39m
[ [36m2023-06-01 21:27:56:2756[39m ]  [31mName : Internal Server Error | Descriptiion : Internal Server Error | Status Code : 500 | IsOperational : true[39m
[ [36m2023-06-01 21:27:56:2756[39m ]  [35mPOST /api/plan 500 71 - 27.416 ms[39m
[35m[39m
[ [36m2023-06-01 21:30:10:3010[39m ]  [35mOPTIONS /api/plan 204 0 - 0.829 ms[39m
[35m[39m
[ [36m2023-06-01 21:30:10:3010[39m ]  [31mName : Internal Server Error | Descriptiion : Internal Server Error | Status Code : 500 | IsOperational : true[39m
[ [36m2023-06-01 21:30:10:3010[39m ]  [35mPOST /api/plan 500 71 - 35.139 ms[39m
[35m[39m
[ [36m2023-06-01 21:31:12:3112[39m ]  [35mOPTIONS /api/plan 204 0 - 0.163 ms[39m
[35m[39m
[ [36m2023-06-01 21:31:12:3112[39m ]  [35mPOST /api/plan 200 150 - 484.513 ms[39m
[35m[39m
[ [36m2023-06-01 21:33:32:3332[39m ]  [35mOPTIONS /api/plan 204 0 - 0.334 ms[39m
[35m[39m
[ [36m2023-06-01 21:33:33:3333[39m ]  [35mPOST /api/plan 200 149 - 468.449 ms[39m
[35m[39m
[ [36m2023-06-01 22:06:11:611[39m ]  [35mOPTIONS /api/customer/login 204 0 - 0.151 ms[39m
[35m[39m
[ [36m2023-06-01 22:06:11:611[39m ]  [35mPOST /api/customer/login 200 930 - 100.428 ms[39m
[35m[39m
[ [36m2023-06-01 22:06:23:623[39m ]  [35mOPTIONS /api/plan 204 0 - 0.281 ms[39m
[35m[39m
[ [36m2023-06-01 22:06:24:624[39m ]  [35mPOST /api/plan 200 149 - 506.637 ms[39m
[35m[39m
[ [36m2023-06-01 22:06:30:630[39m ]  [35mOPTIONS /api/plan 204 0 - 0.488 ms[39m
[35m[39m
[ [36m2023-06-01 22:06:30:630[39m ]  [35mPOST /api/plan 200 149 - 318.991 ms[39m
[35m[39m
[ [36m2023-06-01 22:27:06:276[39m ]  [35mOPTIONS /api/customer/login 204 0 - 0.138 ms[39m
[35m[39m
[ [36m2023-06-01 22:27:06:276[39m ]  [35mPOST /api/customer/login 200 1133 - 65.771 ms[39m
[35m[39m
[ [36m2023-06-01 22:27:27:2727[39m ]  [35mOPTIONS /api/customer/login 204 0 - 0.666 ms[39m
[35m[39m
[ [36m2023-06-01 22:27:27:2727[39m ]  [31mName : Wrong number or password | Descriptiion : Internal Server Error | Status Code : 500 | IsOperational : true[39m
[ [36m2023-06-01 22:27:27:2727[39m ]  [35mPOST /api/customer/login 500 74 - 66.557 ms[39m
[35m[39m
[ [36m2023-06-01 22:27:34:2734[39m ]  [35mOPTIONS /api/customer/login 204 0 - 0.404 ms[39m
[35m[39m
[ [36m2023-06-01 22:27:34:2734[39m ]  [35mPOST /api/customer/login 200 1336 - 68.702 ms[39m
[35m[39m
[ [36m2023-06-01 22:28:02:282[39m ]  [35mOPTIONS /api/plan 204 0 - 0.313 ms[39m
[35m[39m
[ [36m2023-06-01 22:28:03:283[39m ]  [35mPOST /api/plan 200 159 - 446.091 ms[39m
[35m[39m
